[INFO] [launch]: All log files can be found below /home/avis/.ros/log/2026-05-28-17-37-42-889754-avis-27592
[INFO] [launch]: Default logging verbosity is set to INFO
[INFO] [gazebo-1]: process started with pid [27613]
[INFO] [parameter_bridge-2]: process started with pid [27614]
[INFO] [parameter_bridge-3]: process started with pid [27616]
[INFO] [parameter_bridge-4]: process started with pid [27617]
[INFO] [odom_offsetter-5]: process started with pid [27618]
[INFO] [coordinator-6]: process started with pid [27619]
[INFO] [target_publisher-7]: process started with pid [27620]
[INFO] [simple_goal_follower-8]: process started with pid [27621]
[INFO] [metrics_logger-9]: process started with pid [27622]
[parameter_bridge-2] [WARN] [1779964663.060028508] [rcl]: ROS_LOCALHOST_ONLY is deprecated but still honored if it is enabled. Use ROS_AUTOMATIC_DISCOVERY_RANGE and ROS_STATIC_PEERS instead.
[parameter_bridge-2] [WARN] [1779964663.060042844] [rcl]: 'localhost_only' is disabled, 'automatic_discovery_range' and 'static_peers' will be used.
[parameter_bridge-4] [WARN] [1779964663.060028558] [rcl]: ROS_LOCALHOST_ONLY is deprecated but still honored if it is enabled. Use ROS_AUTOMATIC_DISCOVERY_RANGE and ROS_STATIC_PEERS instead.
[parameter_bridge-4] [WARN] [1779964663.060042720] [rcl]: 'localhost_only' is disabled, 'automatic_discovery_range' and 'static_peers' will be used.
[parameter_bridge-3] [WARN] [1779964663.060498323] [rcl]: ROS_LOCALHOST_ONLY is deprecated but still honored if it is enabled. Use ROS_AUTOMATIC_DISCOVERY_RANGE and ROS_STATIC_PEERS instead.
[parameter_bridge-3] [WARN] [1779964663.060506815] [rcl]: 'localhost_only' is disabled, 'automatic_discovery_range' and 'static_peers' will be used.
[parameter_bridge-3] [INFO] [1779964663.081037164] [robot1_bridge]: Creating GZ->ROS Bridge: [/robot1/cmd_vel (gz.msgs.Twist) -> /robot1/cmd_vel (geometry_msgs/msg/Twist)] (Lazy 0)
[parameter_bridge-3] [INFO] [1779964663.082025126] [robot1_bridge]: Creating ROS->GZ Bridge: [/robot1/cmd_vel (geometry_msgs/msg/Twist) -> /robot1/cmd_vel (gz.msgs.Twist)] (Lazy 0)
[parameter_bridge-3] [INFO] [1779964663.082402439] [robot1_bridge]: Creating GZ->ROS Bridge: [/robot1/odom_raw (gz.msgs.Odometry) -> /robot1/odom_raw (nav_msgs/msg/Odometry)] (Lazy 0)
[parameter_bridge-3] [INFO] [1779964663.083168431] [robot1_bridge]: Creating ROS->GZ Bridge: [/robot1/odom_raw (nav_msgs/msg/Odometry) -> /robot1/odom_raw (gz.msgs.Odometry)] (Lazy 0)
[parameter_bridge-2] [INFO] [1779964663.084867870] [clock_bridge]: Creating GZ->ROS Bridge: [/clock (gz.msgs.Clock) -> /clock (rosgraph_msgs/msg/Clock)] (Lazy 0)
[parameter_bridge-4] [INFO] [1779964663.085810069] [robot2_bridge]: Creating GZ->ROS Bridge: [/robot2/cmd_vel (gz.msgs.Twist) -> /robot2/cmd_vel (geometry_msgs/msg/Twist)] (Lazy 0)
[parameter_bridge-4] [INFO] [1779964663.086908191] [robot2_bridge]: Creating ROS->GZ Bridge: [/robot2/cmd_vel (geometry_msgs/msg/Twist) -> /robot2/cmd_vel (gz.msgs.Twist)] (Lazy 0)
[parameter_bridge-4] [INFO] [1779964663.087350642] [robot2_bridge]: Creating GZ->ROS Bridge: [/robot2/odom_raw (gz.msgs.Odometry) -> /robot2/odom_raw (nav_msgs/msg/Odometry)] (Lazy 0)
[parameter_bridge-4] [INFO] [1779964663.088303749] [robot2_bridge]: Creating ROS->GZ Bridge: [/robot2/odom_raw (nav_msgs/msg/Odometry) -> /robot2/odom_raw (gz.msgs.Odometry)] (Lazy 0)
[odom_offsetter-5] [WARN] [1779964663.148366549] [rcl]: ROS_LOCALHOST_ONLY is deprecated but still honored if it is enabled. Use ROS_AUTOMATIC_DISCOVERY_RANGE and ROS_STATIC_PEERS instead.
[odom_offsetter-5] [WARN] [1779964663.148373736] [rcl]: 'localhost_only' is disabled, 'automatic_discovery_range' and 'static_peers' will be used.
[target_publisher-7] [WARN] [1779964663.186686870] [rcl]: ROS_LOCALHOST_ONLY is deprecated but still honored if it is enabled. Use ROS_AUTOMATIC_DISCOVERY_RANGE and ROS_STATIC_PEERS instead.
[target_publisher-7] [WARN] [1779964663.186694242] [rcl]: 'localhost_only' is disabled, 'automatic_discovery_range' and 'static_peers' will be used.
[simple_goal_follower-8] [WARN] [1779964663.190800445] [rcl]: ROS_LOCALHOST_ONLY is deprecated but still honored if it is enabled. Use ROS_AUTOMATIC_DISCOVERY_RANGE and ROS_STATIC_PEERS instead.
[simple_goal_follower-8] [WARN] [1779964663.190805908] [rcl]: 'localhost_only' is disabled, 'automatic_discovery_range' and 'static_peers' will be used.
[coordinator-6] [WARN] [1779964663.209686967] [rcl]: ROS_LOCALHOST_ONLY is deprecated but still honored if it is enabled. Use ROS_AUTOMATIC_DISCOVERY_RANGE and ROS_STATIC_PEERS instead.
[coordinator-6] [WARN] [1779964663.209694139] [rcl]: 'localhost_only' is disabled, 'automatic_discovery_range' and 'static_peers' will be used.
[metrics_logger-9] [WARN] [1779964663.209763758] [rcl]: ROS_LOCALHOST_ONLY is deprecated but still honored if it is enabled. Use ROS_AUTOMATIC_DISCOVERY_RANGE and ROS_STATIC_PEERS instead.
[metrics_logger-9] [WARN] [1779964663.209768143] [rcl]: 'localhost_only' is disabled, 'automatic_discovery_range' and 'static_peers' will be used.
[metrics_logger-9] [INFO] [1779964663.243733425] [metrics_logger]: Writing metrics to /home/avis/Downloads/HA_paper/tb4-sim/metrics/paper_sim_trials/20260528_173405/r03_t05_forward_far
[coordinator-6] [INFO] [1779964663.243973832] [paper_swarm_coordinator]: Coordinator ready for robot1, robot2
[parameter_bridge-4] [INFO] [1779964665.336084377] [robot2_bridge]: Passing message from ROS geometry_msgs/msg/Twist to Gazebo gz.msgs.Twist (showing msg only once per type)
[parameter_bridge-3] [INFO] [1779964665.336086845] [robot1_bridge]: Passing message from ROS geometry_msgs/msg/Twist to Gazebo gz.msgs.Twist (showing msg only once per type)
[WARNING] [launch]: user interrupted with ctrl-c (SIGINT)
[INFO] [metrics_logger-9]: sending signal 'SIGINT' to process[metrics_logger-9]
[INFO] [simple_goal_follower-8]: sending signal 'SIGINT' to process[simple_goal_follower-8]
[INFO] [target_publisher-7]: sending signal 'SIGINT' to process[target_publisher-7]
[INFO] [coordinator-6]: sending signal 'SIGINT' to process[coordinator-6]
[INFO] [odom_offsetter-5]: sending signal 'SIGINT' to process[odom_offsetter-5]
[INFO] [parameter_bridge-4]: sending signal 'SIGINT' to process[parameter_bridge-4]
[INFO] [parameter_bridge-3]: sending signal 'SIGINT' to process[parameter_bridge-3]
[INFO] [parameter_bridge-2]: sending signal 'SIGINT' to process[parameter_bridge-2]
[INFO] [gazebo-1]: sending signal 'SIGINT' to process[gazebo-1]
[parameter_bridge-4] [INFO] [1779964672.517820202] [rclcpp]: signal_handler(SIGINT/SIGTERM)
[parameter_bridge-3] [INFO] [1779964672.518215585] [rclcpp]: signal_handler(SIGINT/SIGTERM)
[parameter_bridge-2] [INFO] [1779964672.518631217] [rclcpp]: signal_handler(SIGINT/SIGTERM)
[INFO] [parameter_bridge-2]: process has finished cleanly [pid 27614]
[INFO] [parameter_bridge-3]: process has finished cleanly [pid 27616]
[INFO] [parameter_bridge-4]: process has finished cleanly [pid 27617]
[INFO] [metrics_logger-9]: process has finished cleanly [pid 27622]
[INFO] [target_publisher-7]: process has finished cleanly [pid 27620]
[INFO] [odom_offsetter-5]: process has finished cleanly [pid 27618]
[INFO] [simple_goal_follower-8]: process has finished cleanly [pid 27621]
[INFO] [coordinator-6]: process has finished cleanly [pid 27619]
[ERROR] [gazebo-1]: process[gazebo-1] failed to terminate '5' seconds after receiving 'SIGINT', escalating to 'SIGTERM'
[INFO] [gazebo-1]: sending signal 'SIGTERM' to process[gazebo-1]
[ERROR] [gazebo-1]: process has died [pid 27613, exit code -15, cmd 'ruby /opt/ros/jazzy/opt/gz_tools_vendor/bin/gz sim /home/avis/Downloads/HA_paper/tb4-sim/install/paper_tb4_swarm/share/paper_tb4_swarm/worlds/two_tb4_stable.sdf -r -s -v 1 --force-version 8'].
