[INFO] [launch]: All log files can be found below /home/avis/.ros/log/2026-05-28-17-36-42-245857-avis-26745
[INFO] [launch]: Default logging verbosity is set to INFO
[INFO] [gazebo-1]: process started with pid [26766]
[INFO] [parameter_bridge-2]: process started with pid [26767]
[INFO] [parameter_bridge-3]: process started with pid [26769]
[INFO] [parameter_bridge-4]: process started with pid [26770]
[INFO] [odom_offsetter-5]: process started with pid [26771]
[INFO] [coordinator-6]: process started with pid [26772]
[INFO] [target_publisher-7]: process started with pid [26773]
[INFO] [simple_goal_follower-8]: process started with pid [26774]
[INFO] [metrics_logger-9]: process started with pid [26775]
[parameter_bridge-4] [WARN] [1779964602.411712420] [rcl]: ROS_LOCALHOST_ONLY is deprecated but still honored if it is enabled. Use ROS_AUTOMATIC_DISCOVERY_RANGE and ROS_STATIC_PEERS instead.
[parameter_bridge-4] [WARN] [1779964602.411728297] [rcl]: 'localhost_only' is disabled, 'automatic_discovery_range' and 'static_peers' will be used.
[parameter_bridge-2] [WARN] [1779964602.411712427] [rcl]: ROS_LOCALHOST_ONLY is deprecated but still honored if it is enabled. Use ROS_AUTOMATIC_DISCOVERY_RANGE and ROS_STATIC_PEERS instead.
[parameter_bridge-2] [WARN] [1779964602.411728272] [rcl]: 'localhost_only' is disabled, 'automatic_discovery_range' and 'static_peers' will be used.
[parameter_bridge-3] [WARN] [1779964602.411742887] [rcl]: ROS_LOCALHOST_ONLY is deprecated but still honored if it is enabled. Use ROS_AUTOMATIC_DISCOVERY_RANGE and ROS_STATIC_PEERS instead.
[parameter_bridge-3] [WARN] [1779964602.411752755] [rcl]: 'localhost_only' is disabled, 'automatic_discovery_range' and 'static_peers' will be used.
[parameter_bridge-2] [INFO] [1779964602.436063667] [clock_bridge]: Creating GZ->ROS Bridge: [/clock (gz.msgs.Clock) -> /clock (rosgraph_msgs/msg/Clock)] (Lazy 0)
[parameter_bridge-3] [INFO] [1779964602.437901077] [robot1_bridge]: Creating GZ->ROS Bridge: [/robot1/cmd_vel (gz.msgs.Twist) -> /robot1/cmd_vel (geometry_msgs/msg/Twist)] (Lazy 0)
[parameter_bridge-3] [INFO] [1779964602.439102812] [robot1_bridge]: Creating ROS->GZ Bridge: [/robot1/cmd_vel (geometry_msgs/msg/Twist) -> /robot1/cmd_vel (gz.msgs.Twist)] (Lazy 0)
[parameter_bridge-3] [INFO] [1779964602.439625448] [robot1_bridge]: Creating GZ->ROS Bridge: [/robot1/odom_raw (gz.msgs.Odometry) -> /robot1/odom_raw (nav_msgs/msg/Odometry)] (Lazy 0)
[parameter_bridge-3] [INFO] [1779964602.440683554] [robot1_bridge]: Creating ROS->GZ Bridge: [/robot1/odom_raw (nav_msgs/msg/Odometry) -> /robot1/odom_raw (gz.msgs.Odometry)] (Lazy 0)
[parameter_bridge-4] [INFO] [1779964602.441013238] [robot2_bridge]: Creating GZ->ROS Bridge: [/robot2/cmd_vel (gz.msgs.Twist) -> /robot2/cmd_vel (geometry_msgs/msg/Twist)] (Lazy 0)
[parameter_bridge-4] [INFO] [1779964602.442160618] [robot2_bridge]: Creating ROS->GZ Bridge: [/robot2/cmd_vel (geometry_msgs/msg/Twist) -> /robot2/cmd_vel (gz.msgs.Twist)] (Lazy 0)
[parameter_bridge-4] [INFO] [1779964602.442587200] [robot2_bridge]: Creating GZ->ROS Bridge: [/robot2/odom_raw (gz.msgs.Odometry) -> /robot2/odom_raw (nav_msgs/msg/Odometry)] (Lazy 0)
[parameter_bridge-4] [INFO] [1779964602.443561563] [robot2_bridge]: Creating ROS->GZ Bridge: [/robot2/odom_raw (nav_msgs/msg/Odometry) -> /robot2/odom_raw (gz.msgs.Odometry)] (Lazy 0)
[odom_offsetter-5] [WARN] [1779964602.499404398] [rcl]: ROS_LOCALHOST_ONLY is deprecated but still honored if it is enabled. Use ROS_AUTOMATIC_DISCOVERY_RANGE and ROS_STATIC_PEERS instead.
[odom_offsetter-5] [WARN] [1779964602.499411360] [rcl]: 'localhost_only' is disabled, 'automatic_discovery_range' and 'static_peers' will be used.
[target_publisher-7] [WARN] [1779964602.540259916] [rcl]: ROS_LOCALHOST_ONLY is deprecated but still honored if it is enabled. Use ROS_AUTOMATIC_DISCOVERY_RANGE and ROS_STATIC_PEERS instead.
[target_publisher-7] [WARN] [1779964602.540267864] [rcl]: 'localhost_only' is disabled, 'automatic_discovery_range' and 'static_peers' will be used.
[simple_goal_follower-8] [WARN] [1779964602.542591042] [rcl]: ROS_LOCALHOST_ONLY is deprecated but still honored if it is enabled. Use ROS_AUTOMATIC_DISCOVERY_RANGE and ROS_STATIC_PEERS instead.
[simple_goal_follower-8] [WARN] [1779964602.542596387] [rcl]: 'localhost_only' is disabled, 'automatic_discovery_range' and 'static_peers' will be used.
[coordinator-6] [WARN] [1779964602.561677681] [rcl]: ROS_LOCALHOST_ONLY is deprecated but still honored if it is enabled. Use ROS_AUTOMATIC_DISCOVERY_RANGE and ROS_STATIC_PEERS instead.
[coordinator-6] [WARN] [1779964602.561684637] [rcl]: 'localhost_only' is disabled, 'automatic_discovery_range' and 'static_peers' will be used.
[metrics_logger-9] [WARN] [1779964602.562879751] [rcl]: ROS_LOCALHOST_ONLY is deprecated but still honored if it is enabled. Use ROS_AUTOMATIC_DISCOVERY_RANGE and ROS_STATIC_PEERS instead.
[metrics_logger-9] [WARN] [1779964602.562885471] [rcl]: 'localhost_only' is disabled, 'automatic_discovery_range' and 'static_peers' will be used.
[metrics_logger-9] [INFO] [1779964602.596785853] [metrics_logger]: Writing metrics to /home/avis/Downloads/HA_paper/tb4-sim/metrics/paper_sim_trials/20260528_173405/r03_t01_forward_near
[coordinator-6] [INFO] [1779964602.596910804] [paper_swarm_coordinator]: Coordinator ready for robot1, robot2
[parameter_bridge-3] [INFO] [1779964604.687503358] [robot1_bridge]: Passing message from ROS geometry_msgs/msg/Twist to Gazebo gz.msgs.Twist (showing msg only once per type)
[parameter_bridge-4] [INFO] [1779964604.687506153] [robot2_bridge]: Passing message from ROS geometry_msgs/msg/Twist to Gazebo gz.msgs.Twist (showing msg only once per type)
[WARNING] [launch]: user interrupted with ctrl-c (SIGINT)
[INFO] [metrics_logger-9]: sending signal 'SIGINT' to process[metrics_logger-9]
[INFO] [simple_goal_follower-8]: sending signal 'SIGINT' to process[simple_goal_follower-8]
[INFO] [target_publisher-7]: sending signal 'SIGINT' to process[target_publisher-7]
[INFO] [coordinator-6]: sending signal 'SIGINT' to process[coordinator-6]
[INFO] [odom_offsetter-5]: sending signal 'SIGINT' to process[odom_offsetter-5]
[INFO] [parameter_bridge-4]: sending signal 'SIGINT' to process[parameter_bridge-4]
[INFO] [parameter_bridge-3]: sending signal 'SIGINT' to process[parameter_bridge-3]
[INFO] [parameter_bridge-2]: sending signal 'SIGINT' to process[parameter_bridge-2]
[INFO] [gazebo-1]: sending signal 'SIGINT' to process[gazebo-1]
[parameter_bridge-4] [INFO] [1779964608.876258509] [rclcpp]: signal_handler(SIGINT/SIGTERM)
[parameter_bridge-3] [INFO] [1779964608.876668402] [rclcpp]: signal_handler(SIGINT/SIGTERM)
[parameter_bridge-2] [INFO] [1779964608.877200866] [rclcpp]: signal_handler(SIGINT/SIGTERM)
[INFO] [parameter_bridge-2]: process has finished cleanly [pid 26767]
[INFO] [parameter_bridge-4]: process has finished cleanly [pid 26770]
[INFO] [parameter_bridge-3]: process has finished cleanly [pid 26769]
[INFO] [target_publisher-7]: process has finished cleanly [pid 26773]
[INFO] [simple_goal_follower-8]: process has finished cleanly [pid 26774]
[INFO] [odom_offsetter-5]: process has finished cleanly [pid 26771]
[INFO] [metrics_logger-9]: process has finished cleanly [pid 26775]
[INFO] [coordinator-6]: process has finished cleanly [pid 26772]
[ERROR] [gazebo-1]: process[gazebo-1] failed to terminate '5' seconds after receiving 'SIGINT', escalating to 'SIGTERM'
[INFO] [gazebo-1]: sending signal 'SIGTERM' to process[gazebo-1]
[ERROR] [gazebo-1]: process has died [pid 26766, exit code -15, cmd 'ruby /opt/ros/jazzy/opt/gz_tools_vendor/bin/gz sim /home/avis/Downloads/HA_paper/tb4-sim/install/paper_tb4_swarm/share/paper_tb4_swarm/worlds/two_tb4_stable.sdf -r -s -v 1 --force-version 8'].
