[INFO] [launch]: All log files can be found below /home/avis/.ros/log/2026-05-28-17-34-37-021325-avis-25041
[INFO] [launch]: Default logging verbosity is set to INFO
[INFO] [gazebo-1]: process started with pid [25062]
[INFO] [parameter_bridge-2]: process started with pid [25063]
[INFO] [parameter_bridge-3]: process started with pid [25064]
[INFO] [parameter_bridge-4]: process started with pid [25066]
[INFO] [odom_offsetter-5]: process started with pid [25067]
[INFO] [coordinator-6]: process started with pid [25068]
[INFO] [target_publisher-7]: process started with pid [25069]
[INFO] [simple_goal_follower-8]: process started with pid [25070]
[INFO] [metrics_logger-9]: process started with pid [25071]
[parameter_bridge-4] [WARN] [1779964477.187159286] [rcl]: ROS_LOCALHOST_ONLY is deprecated but still honored if it is enabled. Use ROS_AUTOMATIC_DISCOVERY_RANGE and ROS_STATIC_PEERS instead.
[parameter_bridge-4] [WARN] [1779964477.187175505] [rcl]: 'localhost_only' is disabled, 'automatic_discovery_range' and 'static_peers' will be used.
[parameter_bridge-2] [WARN] [1779964477.187158712] [rcl]: ROS_LOCALHOST_ONLY is deprecated but still honored if it is enabled. Use ROS_AUTOMATIC_DISCOVERY_RANGE and ROS_STATIC_PEERS instead.
[parameter_bridge-2] [WARN] [1779964477.187175528] [rcl]: 'localhost_only' is disabled, 'automatic_discovery_range' and 'static_peers' will be used.
[parameter_bridge-3] [WARN] [1779964477.187158754] [rcl]: ROS_LOCALHOST_ONLY is deprecated but still honored if it is enabled. Use ROS_AUTOMATIC_DISCOVERY_RANGE and ROS_STATIC_PEERS instead.
[parameter_bridge-3] [WARN] [1779964477.187175557] [rcl]: 'localhost_only' is disabled, 'automatic_discovery_range' and 'static_peers' will be used.
[parameter_bridge-4] [INFO] [1779964477.212996538] [robot2_bridge]: Creating GZ->ROS Bridge: [/robot2/cmd_vel (gz.msgs.Twist) -> /robot2/cmd_vel (geometry_msgs/msg/Twist)] (Lazy 0)
[parameter_bridge-4] [INFO] [1779964477.214297136] [robot2_bridge]: Creating ROS->GZ Bridge: [/robot2/cmd_vel (geometry_msgs/msg/Twist) -> /robot2/cmd_vel (gz.msgs.Twist)] (Lazy 0)
[parameter_bridge-4] [INFO] [1779964477.214821129] [robot2_bridge]: Creating GZ->ROS Bridge: [/robot2/odom_raw (gz.msgs.Odometry) -> /robot2/odom_raw (nav_msgs/msg/Odometry)] (Lazy 0)
[parameter_bridge-4] [INFO] [1779964477.215848106] [robot2_bridge]: Creating ROS->GZ Bridge: [/robot2/odom_raw (nav_msgs/msg/Odometry) -> /robot2/odom_raw (gz.msgs.Odometry)] (Lazy 0)
[parameter_bridge-2] [INFO] [1779964477.216865540] [clock_bridge]: Creating GZ->ROS Bridge: [/clock (gz.msgs.Clock) -> /clock (rosgraph_msgs/msg/Clock)] (Lazy 0)
[parameter_bridge-3] [INFO] [1779964477.218868334] [robot1_bridge]: Creating GZ->ROS Bridge: [/robot1/cmd_vel (gz.msgs.Twist) -> /robot1/cmd_vel (geometry_msgs/msg/Twist)] (Lazy 0)
[parameter_bridge-3] [INFO] [1779964477.220075821] [robot1_bridge]: Creating ROS->GZ Bridge: [/robot1/cmd_vel (geometry_msgs/msg/Twist) -> /robot1/cmd_vel (gz.msgs.Twist)] (Lazy 0)
[parameter_bridge-3] [INFO] [1779964477.220586904] [robot1_bridge]: Creating GZ->ROS Bridge: [/robot1/odom_raw (gz.msgs.Odometry) -> /robot1/odom_raw (nav_msgs/msg/Odometry)] (Lazy 0)
[parameter_bridge-3] [INFO] [1779964477.221608671] [robot1_bridge]: Creating ROS->GZ Bridge: [/robot1/odom_raw (nav_msgs/msg/Odometry) -> /robot1/odom_raw (gz.msgs.Odometry)] (Lazy 0)
[odom_offsetter-5] [WARN] [1779964477.276417067] [rcl]: ROS_LOCALHOST_ONLY is deprecated but still honored if it is enabled. Use ROS_AUTOMATIC_DISCOVERY_RANGE and ROS_STATIC_PEERS instead.
[odom_offsetter-5] [WARN] [1779964477.276424720] [rcl]: 'localhost_only' is disabled, 'automatic_discovery_range' and 'static_peers' will be used.
[target_publisher-7] [WARN] [1779964477.313844517] [rcl]: ROS_LOCALHOST_ONLY is deprecated but still honored if it is enabled. Use ROS_AUTOMATIC_DISCOVERY_RANGE and ROS_STATIC_PEERS instead.
[target_publisher-7] [WARN] [1779964477.313851471] [rcl]: 'localhost_only' is disabled, 'automatic_discovery_range' and 'static_peers' will be used.
[simple_goal_follower-8] [WARN] [1779964477.319257822] [rcl]: ROS_LOCALHOST_ONLY is deprecated but still honored if it is enabled. Use ROS_AUTOMATIC_DISCOVERY_RANGE and ROS_STATIC_PEERS instead.
[simple_goal_follower-8] [WARN] [1779964477.319263784] [rcl]: 'localhost_only' is disabled, 'automatic_discovery_range' and 'static_peers' will be used.
[coordinator-6] [WARN] [1779964477.335243643] [rcl]: ROS_LOCALHOST_ONLY is deprecated but still honored if it is enabled. Use ROS_AUTOMATIC_DISCOVERY_RANGE and ROS_STATIC_PEERS instead.
[coordinator-6] [WARN] [1779964477.335250925] [rcl]: 'localhost_only' is disabled, 'automatic_discovery_range' and 'static_peers' will be used.
[metrics_logger-9] [WARN] [1779964477.335882196] [rcl]: ROS_LOCALHOST_ONLY is deprecated but still honored if it is enabled. Use ROS_AUTOMATIC_DISCOVERY_RANGE and ROS_STATIC_PEERS instead.
[metrics_logger-9] [WARN] [1779964477.335887403] [rcl]: 'localhost_only' is disabled, 'automatic_discovery_range' and 'static_peers' will be used.
[metrics_logger-9] [INFO] [1779964477.369903930] [metrics_logger]: Writing metrics to /home/avis/Downloads/HA_paper/tb4-sim/metrics/paper_sim_trials/20260528_173405/r01_t03_upper_diag
[coordinator-6] [INFO] [1779964477.369914637] [paper_swarm_coordinator]: Coordinator ready for robot1, robot2
[parameter_bridge-3] [INFO] [1779964479.364378832] [robot1_bridge]: Passing message from ROS geometry_msgs/msg/Twist to Gazebo gz.msgs.Twist (showing msg only once per type)
[parameter_bridge-4] [INFO] [1779964479.364537725] [robot2_bridge]: Passing message from ROS geometry_msgs/msg/Twist to Gazebo gz.msgs.Twist (showing msg only once per type)
[WARNING] [launch]: user interrupted with ctrl-c (SIGINT)
[INFO] [metrics_logger-9]: sending signal 'SIGINT' to process[metrics_logger-9]
[INFO] [simple_goal_follower-8]: sending signal 'SIGINT' to process[simple_goal_follower-8]
[INFO] [target_publisher-7]: sending signal 'SIGINT' to process[target_publisher-7]
[INFO] [coordinator-6]: sending signal 'SIGINT' to process[coordinator-6]
[INFO] [odom_offsetter-5]: sending signal 'SIGINT' to process[odom_offsetter-5]
[INFO] [parameter_bridge-4]: sending signal 'SIGINT' to process[parameter_bridge-4]
[INFO] [parameter_bridge-3]: sending signal 'SIGINT' to process[parameter_bridge-3]
[INFO] [parameter_bridge-2]: sending signal 'SIGINT' to process[parameter_bridge-2]
[INFO] [gazebo-1]: sending signal 'SIGINT' to process[gazebo-1]
[parameter_bridge-4] [INFO] [1779964485.644307196] [rclcpp]: signal_handler(SIGINT/SIGTERM)
[parameter_bridge-3] [INFO] [1779964485.644731301] [rclcpp]: signal_handler(SIGINT/SIGTERM)
[parameter_bridge-2] [INFO] [1779964485.645021553] [rclcpp]: signal_handler(SIGINT/SIGTERM)
[INFO] [parameter_bridge-4]: process has finished cleanly [pid 25066]
[INFO] [parameter_bridge-3]: process has finished cleanly [pid 25064]
[INFO] [parameter_bridge-2]: process has finished cleanly [pid 25063]
[INFO] [target_publisher-7]: process has finished cleanly [pid 25069]
[INFO] [odom_offsetter-5]: process has finished cleanly [pid 25067]
[INFO] [simple_goal_follower-8]: process has finished cleanly [pid 25070]
[INFO] [coordinator-6]: process has finished cleanly [pid 25068]
[INFO] [metrics_logger-9]: process has finished cleanly [pid 25071]
[ERROR] [gazebo-1]: process[gazebo-1] failed to terminate '5' seconds after receiving 'SIGINT', escalating to 'SIGTERM'
[INFO] [gazebo-1]: sending signal 'SIGTERM' to process[gazebo-1]
[ERROR] [gazebo-1]: process has died [pid 25062, exit code -15, cmd 'ruby /opt/ros/jazzy/opt/gz_tools_vendor/bin/gz sim /home/avis/Downloads/HA_paper/tb4-sim/install/paper_tb4_swarm/share/paper_tb4_swarm/worlds/two_tb4_stable.sdf -r -s -v 1 --force-version 8'].
